<?xml version="1.0" encoding="UTF-8"?>
<!-- Generated by org.testng.reporters.JUnitReportReporter -->
<testsuite hostname="CBT-LAB-016" name="qsp.DemoA" tests="1" failures="0" timestamp="3 Feb 2018 10:25:18 GMT" time="24.385" errors="0">
  <testcase name="testA" time="24.385" classname="qsp.DemoA"/>
</testsuite> <!-- qsp.DemoA -->
