<?xml version="1.0" encoding="UTF-8"?>
<!-- Generated by org.testng.reporters.JUnitReportReporter -->
<testsuite hostname="CBT-LAB-016" name="qsp.DemoA" tests="1" failures="0" timestamp="3 Feb 2018 10:36:26 GMT" time="8.066" errors="0">
  <testcase name="testA" time="8.066" classname="qsp.DemoA"/>
</testsuite> <!-- qsp.DemoA -->
